[0920/154707.259039:INFO:CONSOLE(197323)] "%cDownload the React DevTools for a better development experience: https://reactjs.org/link/react-devtools font-weight:bold", source: http://localhost:9090/static/js/bundle.js (197323)
[0920/154707.306755:INFO:CONSOLE(20109)] "observableAuthState new state [object Object]", source: http://localhost:9090/static/js/bundle.js (20109)
[0920/154707.347088:INFO:CONSOLE(17684)] "isMobile [object Object]", source: http://localhost:9090/static/js/bundle.js (17684)
[0920/154707.388849:INFO:CONSOLE(19143)] "loadProfileFromLocalStorage", source: http://localhost:9090/static/js/bundle.js (19143)
[0920/154707.389303:INFO:CONSOLE(19143)] "loadProfileFromLocalStorage", source: http://localhost:9090/static/js/bundle.js (19143)
[0920/154707.394711:INFO:CONSOLE(12549)] "HeroRightSide [object Object]", source: http://localhost:9090/static/js/bundle.js (12549)
[0920/154707.394831:INFO:CONSOLE(12549)] "HeroRightSide [object Object]", source: http://localhost:9090/static/js/bundle.js (12549)
[0920/154707.400896:INFO:CONSOLE(168097)] "Warning: Using UNSAFE_componentWillReceiveProps in strict mode is not recommended and may indicate bugs in your code. See https://reactjs.org/link/unsafe-component-lifecycles for details.

* Move data fetching code or side effects to componentDidUpdate.
* If you're updating state whenever props change, refactor your code to use memoization techniques or move it to static getDerivedStateFromProps. Learn more at: https://reactjs.org/link/derived-state

Please update the following components: %s Scrollspy", source: http://localhost:9090/static/js/bundle.js (168097)
[0920/154707.460168:INFO:CONSOLE(18819)] "fetchProfile im.get_account", source: http://localhost:9090/static/js/bundle.js (18819)
[0920/154707.462069:INFO:CONSOLE(18110)] "useAccount [object Object]", source: http://localhost:9090/static/js/bundle.js (18110)
[0920/154707.465769:INFO:CONSOLE(18110)] "useAccount [object Object]", source: http://localhost:9090/static/js/bundle.js (18110)
[0920/154707.465999:INFO:CONSOLE(19143)] "loadProfileFromLocalStorage", source: http://localhost:9090/static/js/bundle.js (19143)
[0920/154707.466758:INFO:CONSOLE(18110)] "useAccount [object Object]", source: http://localhost:9090/static/js/bundle.js (18110)
[0920/154707.468561:INFO:CONSOLE(18110)] "useAccount [object Object]", source: http://localhost:9090/static/js/bundle.js (18110)
[0920/154707.468737:INFO:CONSOLE(19143)] "loadProfileFromLocalStorage", source: http://localhost:9090/static/js/bundle.js (19143)
[0920/154707.494576:INFO:CONSOLE(12549)] "HeroRightSide [object Object]", source: http://localhost:9090/static/js/bundle.js (12549)
[0920/154707.494703:INFO:CONSOLE(12549)] "HeroRightSide [object Object]", source: http://localhost:9090/static/js/bundle.js (12549)
[0920/154707.497462:INFO:CONSOLE(19143)] "loadProfileFromLocalStorage", source: http://localhost:9090/static/js/bundle.js (19143)
[0920/154707.498610:INFO:CONSOLE(19143)] "loadProfileFromLocalStorage", source: http://localhost:9090/static/js/bundle.js (19143)
[0920/154707.499431:INFO:CONSOLE(19143)] "loadProfileFromLocalStorage", source: http://localhost:9090/static/js/bundle.js (19143)
[0920/154707.500024:INFO:CONSOLE(19143)] "loadProfileFromLocalStorage", source: http://localhost:9090/static/js/bundle.js (19143)
[0920/154707.516687:INFO:CONSOLE(14779)] "UnknownDeviceCoordinator [object Object]", source: http://localhost:9090/static/js/bundle.js (14779)
[0920/154707.517168:INFO:CONSOLE(14345)] "AuthenticationCoordinator [object Object]", source: http://localhost:9090/static/js/bundle.js (14345)
[0920/154707.517687:INFO:CONSOLE(19143)] "loadProfileFromLocalStorage", source: http://localhost:9090/static/js/bundle.js (19143)
[0920/154707.518419:INFO:CONSOLE(19143)] "loadProfileFromLocalStorage", source: http://localhost:9090/static/js/bundle.js (19143)
[0920/154707.519169:INFO:CONSOLE(19143)] "loadProfileFromLocalStorage", source: http://localhost:9090/static/js/bundle.js (19143)
[0920/154707.519644:INFO:CONSOLE(17820)] "isMobileWithWebAuthn call fetchWebAuthnCapability", source: http://localhost:9090/static/js/bundle.js (17820)
[0920/154707.520237:INFO:CONSOLE(15100)] "NFIDAuthenticationCoordinator [object Object]", source: http://localhost:9090/static/js/bundle.js (15100)
[0920/154707.520831:INFO:CONSOLE(14779)] "UnknownDeviceCoordinator [object Object]", source: http://localhost:9090/static/js/bundle.js (14779)
[0920/154707.520985:INFO:CONSOLE(14345)] "AuthenticationCoordinator [object Object]", source: http://localhost:9090/static/js/bundle.js (14345)
[0920/154707.521721:INFO:CONSOLE(19143)] "loadProfileFromLocalStorage", source: http://localhost:9090/static/js/bundle.js (19143)
[0920/154707.522357:INFO:CONSOLE(19143)] "loadProfileFromLocalStorage", source: http://localhost:9090/static/js/bundle.js (19143)
[0920/154707.523472:INFO:CONSOLE(19143)] "loadProfileFromLocalStorage", source: http://localhost:9090/static/js/bundle.js (19143)
[0920/154707.523955:INFO:CONSOLE(17820)] "isMobileWithWebAuthn call fetchWebAuthnCapability", source: http://localhost:9090/static/js/bundle.js (17820)
[0920/154707.524583:INFO:CONSOLE(15100)] "NFIDAuthenticationCoordinator [object Object]", source: http://localhost:9090/static/js/bundle.js (15100)
[0920/154707.524941:INFO:CONSOLE(14779)] "UnknownDeviceCoordinator [object Object]", source: http://localhost:9090/static/js/bundle.js (14779)
[0920/154707.525159:INFO:CONSOLE(14345)] "AuthenticationCoordinator [object Object]", source: http://localhost:9090/static/js/bundle.js (14345)
[0920/154707.647820:INFO:CONSOLE(12549)] "HeroRightSide [object Object]", source: http://localhost:9090/static/js/bundle.js (12549)
[0920/154707.647969:INFO:CONSOLE(12549)] "HeroRightSide [object Object]", source: http://localhost:9090/static/js/bundle.js (12549)
[0920/154707.656098:INFO:CONSOLE(36276)] "AuthorizeDecider [object Object]", source: http://localhost:9090/static/js/bundle.js (36276)
[0920/154707.656323:INFO:CONSOLE(14779)] "UnknownDeviceCoordinator [object Object]", source: http://localhost:9090/static/js/bundle.js (14779)
[0920/154707.656453:INFO:CONSOLE(36276)] "AuthorizeDecider [object Object]", source: http://localhost:9090/static/js/bundle.js (36276)
[0920/154707.659044:INFO:CONSOLE(25799)] "handleOnLoadContainer [object Object]", source: http://localhost:9090/static/js/bundle.js (25799)
[0920/154707.660608:INFO:CONSOLE(18821)] "fetchProfile im.get_account [object Object]", source: http://localhost:9090/static/js/bundle.js (18821)
[0920/154707.663756:INFO:CONSOLE(12549)] "HeroRightSide [object Object]", source: http://localhost:9090/static/js/bundle.js (12549)
[0920/154707.663936:INFO:CONSOLE(12549)] "HeroRightSide [object Object]", source: http://localhost:9090/static/js/bundle.js (12549)
[0920/154707.667831:INFO:CONSOLE(18110)] "useAccount [object Object]", source: http://localhost:9090/static/js/bundle.js (18110)
[0920/154707.667899:INFO:CONSOLE(18110)] "useAccount [object Object]", source: http://localhost:9090/static/js/bundle.js (18110)
[0920/154709.080159:INFO:CONSOLE(197323)] "%cDownload the React DevTools for a better development experience: https://reactjs.org/link/react-devtools font-weight:bold", source: http://localhost:9090/static/js/bundle.js (197323)
[0920/154709.097032:INFO:CONSOLE(20109)] "observableAuthState new state [object Object]", source: http://localhost:9090/static/js/bundle.js (20109)
[0920/154709.106871:INFO:CONSOLE(17684)] "isMobile [object Object]", source: http://localhost:9090/static/js/bundle.js (17684)
[0920/154709.124791:INFO:CONSOLE(19143)] "loadProfileFromLocalStorage", source: http://localhost:9090/static/js/bundle.js (19143)
[0920/154709.125070:INFO:CONSOLE(19143)] "loadProfileFromLocalStorage", source: http://localhost:9090/static/js/bundle.js (19143)
[0920/154709.127245:INFO:CONSOLE(12549)] "HeroRightSide [object Object]", source: http://localhost:9090/static/js/bundle.js (12549)
[0920/154709.127552:INFO:CONSOLE(12549)] "HeroRightSide [object Object]", source: http://localhost:9090/static/js/bundle.js (12549)
[0920/154709.133840:INFO:CONSOLE(168097)] "Warning: Using UNSAFE_componentWillReceiveProps in strict mode is not recommended and may indicate bugs in your code. See https://reactjs.org/link/unsafe-component-lifecycles for details.

* Move data fetching code or side effects to componentDidUpdate.
* If you're updating state whenever props change, refactor your code to use memoization techniques or move it to static getDerivedStateFromProps. Learn more at: https://reactjs.org/link/derived-state

Please update the following components: %s Scrollspy", source: http://localhost:9090/static/js/bundle.js (168097)
[0920/154709.143571:INFO:CONSOLE(18819)] "fetchProfile im.get_account", source: http://localhost:9090/static/js/bundle.js (18819)
[0920/154709.144371:INFO:CONSOLE(18110)] "useAccount [object Object]", source: http://localhost:9090/static/js/bundle.js (18110)
[0920/154709.147123:INFO:CONSOLE(18110)] "useAccount [object Object]", source: http://localhost:9090/static/js/bundle.js (18110)
[0920/154709.147299:INFO:CONSOLE(19143)] "loadProfileFromLocalStorage", source: http://localhost:9090/static/js/bundle.js (19143)
[0920/154709.147577:INFO:CONSOLE(18110)] "useAccount [object Object]", source: http://localhost:9090/static/js/bundle.js (18110)
[0920/154709.149197:INFO:CONSOLE(18110)] "useAccount [object Object]", source: http://localhost:9090/static/js/bundle.js (18110)
[0920/154709.149373:INFO:CONSOLE(19143)] "loadProfileFromLocalStorage", source: http://localhost:9090/static/js/bundle.js (19143)
[0920/154709.158273:INFO:CONSOLE(12549)] "HeroRightSide [object Object]", source: http://localhost:9090/static/js/bundle.js (12549)
[0920/154709.158580:INFO:CONSOLE(12549)] "HeroRightSide [object Object]", source: http://localhost:9090/static/js/bundle.js (12549)
[0920/154709.159542:INFO:CONSOLE(19143)] "loadProfileFromLocalStorage", source: http://localhost:9090/static/js/bundle.js (19143)
[0920/154709.160575:INFO:CONSOLE(19143)] "loadProfileFromLocalStorage", source: http://localhost:9090/static/js/bundle.js (19143)
[0920/154709.161388:INFO:CONSOLE(19143)] "loadProfileFromLocalStorage", source: http://localhost:9090/static/js/bundle.js (19143)
[0920/154709.162561:INFO:CONSOLE(19143)] "loadProfileFromLocalStorage", source: http://localhost:9090/static/js/bundle.js (19143)
[0920/154709.263633:INFO:CONSOLE(14779)] "UnknownDeviceCoordinator [object Object]", source: http://localhost:9090/static/js/bundle.js (14779)
[0920/154709.264680:INFO:CONSOLE(14345)] "AuthenticationCoordinator [object Object]", source: http://localhost:9090/static/js/bundle.js (14345)
[0920/154709.265020:INFO:CONSOLE(19143)] "loadProfileFromLocalStorage", source: http://localhost:9090/static/js/bundle.js (19143)
[0920/154709.265476:INFO:CONSOLE(19143)] "loadProfileFromLocalStorage", source: http://localhost:9090/static/js/bundle.js (19143)
[0920/154709.266869:INFO:CONSOLE(19143)] "loadProfileFromLocalStorage", source: http://localhost:9090/static/js/bundle.js (19143)
[0920/154709.268049:INFO:CONSOLE(17820)] "isMobileWithWebAuthn call fetchWebAuthnCapability", source: http://localhost:9090/static/js/bundle.js (17820)
[0920/154709.268115:INFO:CONSOLE(15100)] "NFIDAuthenticationCoordinator [object Object]", source: http://localhost:9090/static/js/bundle.js (15100)
[0920/154709.268643:INFO:CONSOLE(14779)] "UnknownDeviceCoordinator [object Object]", source: http://localhost:9090/static/js/bundle.js (14779)
[0920/154709.268851:INFO:CONSOLE(14345)] "AuthenticationCoordinator [object Object]", source: http://localhost:9090/static/js/bundle.js (14345)
[0920/154709.269266:INFO:CONSOLE(19143)] "loadProfileFromLocalStorage", source: http://localhost:9090/static/js/bundle.js (19143)
[0920/154709.269667:INFO:CONSOLE(19143)] "loadProfileFromLocalStorage", source: http://localhost:9090/static/js/bundle.js (19143)
[0920/154709.270053:INFO:CONSOLE(19143)] "loadProfileFromLocalStorage", source: http://localhost:9090/static/js/bundle.js (19143)
[0920/154709.270836:INFO:CONSOLE(17820)] "isMobileWithWebAuthn call fetchWebAuthnCapability", source: http://localhost:9090/static/js/bundle.js (17820)
[0920/154709.271049:INFO:CONSOLE(15100)] "NFIDAuthenticationCoordinator [object Object]", source: http://localhost:9090/static/js/bundle.js (15100)
[0920/154709.272566:INFO:CONSOLE(14779)] "UnknownDeviceCoordinator [object Object]", source: http://localhost:9090/static/js/bundle.js (14779)
[0920/154709.272645:INFO:CONSOLE(14345)] "AuthenticationCoordinator [object Object]", source: http://localhost:9090/static/js/bundle.js (14345)
[0920/154709.323584:INFO:CONSOLE(12549)] "HeroRightSide [object Object]", source: http://localhost:9090/static/js/bundle.js (12549)
[0920/154709.323766:INFO:CONSOLE(12549)] "HeroRightSide [object Object]", source: http://localhost:9090/static/js/bundle.js (12549)
[0920/154709.329723:INFO:CONSOLE(36276)] "AuthorizeDecider [object Object]", source: http://localhost:9090/static/js/bundle.js (36276)
[0920/154709.330020:INFO:CONSOLE(14779)] "UnknownDeviceCoordinator [object Object]", source: http://localhost:9090/static/js/bundle.js (14779)
[0920/154709.330206:INFO:CONSOLE(36276)] "AuthorizeDecider [object Object]", source: http://localhost:9090/static/js/bundle.js (36276)
[0920/154709.333017:INFO:CONSOLE(25799)] "handleOnLoadContainer [object Object]", source: http://localhost:9090/static/js/bundle.js (25799)
[0920/154709.767235:INFO:CONSOLE(18821)] "fetchProfile im.get_account [object Object]", source: http://localhost:9090/static/js/bundle.js (18821)
[0920/154709.769297:INFO:CONSOLE(12549)] "HeroRightSide [object Object]", source: http://localhost:9090/static/js/bundle.js (12549)
[0920/154709.769505:INFO:CONSOLE(12549)] "HeroRightSide [object Object]", source: http://localhost:9090/static/js/bundle.js (12549)
[0920/154709.776944:INFO:CONSOLE(18110)] "useAccount [object Object]", source: http://localhost:9090/static/js/bundle.js (18110)
[0920/154709.777151:INFO:CONSOLE(18110)] "useAccount [object Object]", source: http://localhost:9090/static/js/bundle.js (18110)
[0920/154714.768282:INFO:CONSOLE(18819)] "fetchProfile im.get_account", source: http://localhost:9090/static/js/bundle.js (18819)
[0920/154715.075469:INFO:CONSOLE(18821)] "fetchProfile im.get_account [object Object]", source: http://localhost:9090/static/js/bundle.js (18821)
[0920/154715.079389:INFO:CONSOLE(12549)] "HeroRightSide [object Object]", source: http://localhost:9090/static/js/bundle.js (12549)
[0920/154715.079578:INFO:CONSOLE(12549)] "HeroRightSide [object Object]", source: http://localhost:9090/static/js/bundle.js (12549)
[0920/154715.094340:INFO:CONSOLE(18110)] "useAccount [object Object]", source: http://localhost:9090/static/js/bundle.js (18110)
[0920/154715.094810:INFO:CONSOLE(18110)] "useAccount [object Object]", source: http://localhost:9090/static/js/bundle.js (18110)
